[0417/170901:ERROR:renderer_main.cc(203)] Running without renderer sandbox
[0417/170902:ERROR:child_discardable_shared_memory_manager.cc(266)] size: 4194304
[0417/170902:INFO:CONSOLE(2)] "[object Object]", source: http://mat1.gtimg.com/pingjs/ext2020/dcom-static/build/static/js/static.js (2)
[0417/170902:INFO:CONSOLE(2)] "photo render", source: http://mat1.gtimg.com/pingjs/ext2020/dcom-static/build/static/js/static.js (2)
[0417/170905:INFO:CONSOLE(112)] "Uncaught RangeError: Maximum call stack size exceeded", source:  (112)
[0417/170912:ERROR:child_discardable_shared_memory_manager.cc(266)] size: 4194304
[0417/170912:ERROR:child_discardable_shared_memory_manager.cc(266)] size: 9723904
[0417/170912:ERROR:child_discardable_shared_memory_manager.cc(266)] size: 7294976
[0417/170912:ERROR:child_discardable_shared_memory_manager.cc(266)] size: 9699328
[0417/170912:ERROR:child_discardable_shared_memory_manager.cc(266)] size: 9723904
[0417/170912:ERROR:child_discardable_shared_memory_manager.cc(266)] size: 7294976
[0417/170912:ERROR:child_discardable_shared_memory_manager.cc(266)] size: 9699328
[0417/170912:ERROR:child_discardable_shared_memory_manager.cc(266)] size: 7294976
[0417/170912:ERROR:child_discardable_shared_memory_manager.cc(266)] size: 9723904
[0417/170913:ERROR:child_discardable_shared_memory_manager.cc(266)] size: 7294976
[0417/170913:ERROR:child_discardable_shared_memory_manager.cc(266)] size: 9723904
[0417/170916:ERROR:audio_low_latency_output_win.cc(181)] Bailing out due to non-perfect timing.  Buffer size of 480 is not an even divisor of 1056
[0417/171041:INFO:CONSOLE(2)] "photo render", source: http://mat1.gtimg.com/pingjs/ext2020/dcom-static/build/static/js/static.js (2)
[0417/171041:ERROR:child_discardable_shared_memory_manager.cc(266)] size: 9723904
[0417/171041:ERROR:child_discardable_shared_memory_manager.cc(266)] size: 4194304
[0417/171047:INFO:CONSOLE(2)] "photo render", source: http://mat1.gtimg.com/pingjs/ext2020/dcom-static/build/static/js/static.js (2)
[0417/171047:ERROR:child_discardable_shared_memory_manager.cc(266)] size: 4194304
[0417/171050:INFO:CONSOLE(2)] "photo render", source: http://mat1.gtimg.com/pingjs/ext2020/dcom-static/build/static/js/static.js (2)
[0417/171108:ERROR:child_discardable_shared_memory_manager.cc(266)] size: 7294976
[0417/171108:ERROR:child_discardable_shared_memory_manager.cc(266)] size: 4194304
[0417/171108:ERROR:child_discardable_shared_memory_manager.cc(266)] size: 9723904
[0417/171109:ERROR:child_discardable_shared_memory_manager.cc(266)] size: 7294976
